<?xml version="1.0" encoding="UTF-8"?>
<!-- Generated by org.testng.reporters.JUnitReportReporter -->
<testsuite skipped="0" hostname="DESKTOP-T9IJKIM" name="com.hrms.testcases.LoginTest" tests="3" failures="0" timestamp="2020-06-02T11:50:39 EDT" time="26.707" errors="0">
  <testcase name="emptyUsernameLogin" time="6.159" classname="com.hrms.testcases.LoginTest"/>
  <system-out/>
  <testcase name="invalidPasswordLogin" time="8.391" classname="com.hrms.testcases.LoginTest"/>
  <system-out/>
  <testcase name="validAdminLogin" time="12.157" classname="com.hrms.testcases.LoginTest"/>
  <system-out/>
</testsuite> <!-- com.hrms.testcases.LoginTest -->
